Starting scrapers...
Running scraper for First_Avenue...
[2024-12-30 13:46:35] First_Avenue scraper completed successfully.
Running scraper for Green_Room...
[2024-12-30 13:46:43] Green_Room scraper completed successfully.
Running scraper for White_Squirrel...
[2024-12-30 13:46:45] White_Squirrel scraper completed successfully.
Running scraper for 331_Club...
[2024-12-30 13:46:50] 331_Club scraper completed successfully.
Running scraper for Icehouse...
[2024-12-30 13:46:51] Icehouse scraper completed successfully.
Running scraper for The_Cedar_Cultural_Center...
[2024-12-30 13:47:51] The_Cedar_Cultural_Center scraper completed successfully.
Running scraper for Pilllar...
[2024-12-30 13:47:51] Pilllar scraper failed with output:\n./run_scripts.sh: line 30: Forum: command not found
Running scraper for Zhora...
[2024-12-30 13:47:51] Zhora scraper failed with output:\n./run_scripts.sh: line 30: Darling: command not found
Running scraper for Mortimer's...
[2024-12-30 13:48:02] Mortimer's scraper completed successfully.
Running scraper for Hook...
[2024-12-30 13:48:02] Hook scraper failed with output:\n./run_scripts.sh: line 30: &: command not found
