2025-04-19 07:55:24,504 - 331 ClubScraper - INFO - Setting up scraper for 331 Club
2025-04-19 07:55:26,375 - 331 ClubScraper - INFO - Chrome initialized successfully
2025-04-19 07:55:26,376 - 331 ClubScraper - INFO - Connecting to database
2025-04-19 07:55:26,747 - 331 ClubScraper - INFO - Getting venue ID for 331 Club
2025-04-19 07:55:26,822 - 331 ClubScraper - INFO - Venue ID for 331 Club: 9
2025-04-19 07:55:26,823 - 331 ClubScraper - INFO - Setup complete for 331 Club
2025-04-19 07:55:26,823 - 331 ClubScraper - INFO - Navigating to https://331club.com/#calendar
2025-04-19 07:55:31,548 - 331 ClubScraper - INFO - Looking for 'See all upcoming events' button...
2025-04-19 07:55:31,548 - 331 ClubScraper - WARNING - 'See all upcoming events' button not found or not clickable: BaseScraper.wait_for_element() got an unexpected keyword argument 'clickable'
2025-04-19 07:55:31,548 - 331 ClubScraper - INFO - Continuing with currently visible events...
2025-04-19 07:55:31,590 - 331 ClubScraper - INFO - Found 90 events on the page
2025-04-19 07:55:32,408 - 331 ClubScraper - INFO - Updated event: The Daily Norm, Joe Kelly, Ambient Toad on 2025-04-24 21:30:00
2025-04-19 07:55:32,583 - 331 ClubScraper - INFO - Updated event: Courtney Yasmineh, Ira Haze trio, Stony River trio on 2025-04-25 22:00:00
2025-04-19 07:55:34,491 - 331 ClubScraper - INFO - Updated event: sugarcoat, Mishi Mega on 2025-05-09 22:00:00
2025-04-19 07:55:35,412 - 331 ClubScraper - INFO - Updated event: ART-A-WHIRL WEEKEND AT, 331CLUB, 2025, FRIDAY, outdoors, MCN6, music channel presents Bands On Vans, Big Salt, indoors, Uspop on 2025-05-16 22:00:00
2025-04-19 07:55:35,522 - 331 ClubScraper - INFO - Updated event: ART-A-WHIRL WEEKEND 2025 on 2025-05-16 22:00:00
2025-04-19 07:55:42,944 - 331 ClubScraper - INFO - Updated event: Worker’s Playtime, TBA on 2025-07-22 20:00:00
2025-04-19 07:55:43,030 - 331 ClubScraper - INFO - Updated event: Roe Family Singers on 2025-07-22 20:00:00
2025-04-19 07:55:43,579 - 331 ClubScraper - INFO - Database changes committed
2025-04-19 07:55:43,579 - 331 ClubScraper - INFO - Cleaning up resources
2025-04-19 07:55:43,672 - 331 ClubScraper - INFO - WebDriver closed
2025-04-19 07:55:43,672 - 331 ClubScraper - INFO - Database cursor closed
2025-04-19 07:55:43,672 - 331 ClubScraper - INFO - Database connection closed
2025-04-19 07:55:43,672 - 331 ClubScraper - INFO - Scraper finished: 331 Club | Success: True | Added: 0 | Updated: 7 | Duplicates: 151 | Errors: 0 | Duration: 19.17s
2025-04-19 07:55:43,672 - 331 ClubScraper - INFO - Results saved to /Users/musicdaddy/Desktop/venues/backend/scrapers/logs/331 club_20250419_075524_results.json
