2025-04-10 22:27:45,842 - BerlinScraper - INFO - Setting up scraper for Berlin
2025-04-10 22:27:47,522 - BerlinScraper - INFO - Chrome initialized successfully
2025-04-10 22:27:47,524 - BerlinScraper - INFO - Connecting to database
2025-04-10 22:27:47,549 - BerlinScraper - INFO - Getting venue ID for Berlin
2025-04-10 22:27:47,552 - BerlinScraper - INFO - Venue ID for Berlin: 12
2025-04-10 22:27:47,553 - BerlinScraper - INFO - Setup complete for Berlin
2025-04-10 22:27:47,553 - BerlinScraper - INFO - Navigating to https://www.berlinmpls.com/calendar
2025-04-10 22:27:53,719 - BerlinScraper - INFO - Found 55 event cards
2025-04-10 22:27:53,720 - BerlinScraper - INFO - Navigating to https://www.berlinmpls.com/calendar/early-evening-jazz-joel-shapira-april-10
2025-04-10 22:27:55,986 - BerlinScraper - INFO - Updated event: Early Evening Jazz: Joel Shapira on 2025-04-10 16:30:00
2025-04-10 22:27:55,987 - BerlinScraper - INFO - Navigating to https://www.berlinmpls.com/calendar/prints-carranza-power-thoreen-april-2025
2025-04-10 22:27:58,161 - BerlinScraper - INFO - Updated event: PRINTS on 2025-04-10 19:30:00
2025-04-10 22:27:58,161 - BerlinScraper - INFO - Navigating to https://www.berlinmpls.com/calendar/early-evening-jazz-bryan-nichols-bryan-murray
2025-04-10 22:28:00,383 - BerlinScraper - INFO - Updated event: Early Evening Jazz: Bryan Nichols & Bryan Murray on 2025-04-11 16:30:00
2025-04-10 22:28:00,383 - BerlinScraper - INFO - Navigating to https://www.berlinmpls.com/calendar/reverso-ryan-keberle
2025-04-10 22:28:02,857 - BerlinScraper - INFO - Updated event: Reverso on 2025-04-11 19:30:00
2025-04-10 22:28:02,857 - BerlinScraper - INFO - Navigating to https://www.berlinmpls.com/calendar/late-night-lounge-alexis-rose-april-2025
2025-04-10 22:28:15,032 - BerlinScraper - WARNING - Timeout waiting for element: .event-time-localized-start
2025-04-10 22:28:15,060 - BerlinScraper - INFO - Updated event: Late Night Lounge: Alexis Rose on 2025-04-11 22:30:00
2025-04-10 22:28:15,060 - BerlinScraper - INFO - Navigating to https://www.berlinmpls.com/calendar/cody-steinmann-trio-april-2025
2025-04-10 22:28:17,252 - BerlinScraper - INFO - Updated event: Early Evening Jazz: Cody Steinmann Trio on 2025-04-12 16:30:00
2025-04-10 22:28:17,252 - BerlinScraper - INFO - Navigating to https://www.berlinmpls.com/calendar/bz3-organ-trio-april-2025
2025-04-10 22:28:19,459 - BerlinScraper - INFO - Updated event: BZ3 Organ Trio on 2025-04-12 19:30:00
2025-04-10 22:28:19,459 - BerlinScraper - INFO - Navigating to https://www.berlinmpls.com/calendar/radio-pocho-april-2025
2025-04-10 22:28:31,776 - BerlinScraper - WARNING - Timeout waiting for element: .event-time-localized-start
2025-04-10 22:28:31,813 - BerlinScraper - INFO - Updated event: Late Night Lounge: Radio Pocho (Miguel Vargas & Terrell LaMarr) on 2025-04-12 22:30:00
2025-04-10 22:28:31,813 - BerlinScraper - INFO - Navigating to https://www.berlinmpls.com/calendar/stolyette-sundays-sans-le-systeme
2025-04-10 22:28:34,794 - BerlinScraper - INFO - Updated event: StoLyette Sundays (feat. sans le systeme) on 2025-04-13 19:00:00
2025-04-10 22:28:34,796 - BerlinScraper - INFO - Navigating to https://www.berlinmpls.com/calendar/altruit-jump-loop-av-excursions
2025-04-10 22:28:36,985 - BerlinScraper - INFO - Updated event: A/V Excursions with Altruit & Jump Loop on 2025-04-16 19:00:00
2025-04-10 22:28:36,985 - BerlinScraper - INFO - Navigating to https://www.berlinmpls.com/calendar/early-evening-jazz-bluluna-trio
2025-04-10 22:28:39,559 - BerlinScraper - INFO - Updated event: Early Evening Jazz: BluLuna (Trio) on 2025-04-17 16:30:00
2025-04-10 22:28:39,559 - BerlinScraper - INFO - Navigating to https://www.berlinmpls.com/calendar/ruth-mascelli-mary-hanson-scott
2025-04-10 22:28:43,748 - BerlinScraper - INFO - Updated event: Ruth Mascelli / Mary Hanson Scott with Starflower on 2025-04-17 19:30:00
2025-04-10 22:28:43,749 - BerlinScraper - INFO - Navigating to https://www.berlinmpls.com/calendar/early-evening-jazz-zacc-harris-american-reverie
2025-04-10 22:28:46,023 - BerlinScraper - INFO - Updated event: Early Evening Jazz: Zacc Harris’s American Reverie on 2025-04-18 16:30:00
2025-04-10 22:28:46,024 - BerlinScraper - INFO - Navigating to https://www.berlinmpls.com/calendar/lenard-simpson-quartet
2025-04-10 22:28:49,191 - BerlinScraper - INFO - Updated event: Lenard Simpson Quartet on 2025-04-18 19:30:00
2025-04-10 22:28:49,192 - BerlinScraper - INFO - Navigating to https://www.berlinmpls.com/calendar/akko-april-2025
2025-04-10 22:29:01,378 - BerlinScraper - WARNING - Timeout waiting for element: .event-time-localized-start
2025-04-10 22:29:01,410 - BerlinScraper - INFO - Updated event: Late Night Lounge: Akko on 2025-04-18 22:30:00
2025-04-10 22:29:01,410 - BerlinScraper - INFO - Navigating to https://www.berlinmpls.com/calendar/nick-bhalla-piano-april-2025
2025-04-10 22:29:04,349 - BerlinScraper - INFO - Updated event: Early Evening Jazz: Nick Bhalla (Solo & Trio) on 2025-04-19 16:30:00
2025-04-10 22:29:04,350 - BerlinScraper - INFO - Navigating to https://www.berlinmpls.com/calendar/garrett-jones-quartet
2025-04-10 22:29:06,817 - BerlinScraper - INFO - Updated event: Garrett Jones Quartet on 2025-04-19 19:30:00
2025-04-10 22:29:06,817 - BerlinScraper - INFO - Navigating to https://www.berlinmpls.com/calendar/late-night-lounge-kinetic-andrew-baschyn-march-2025-ez4rw
2025-04-10 22:29:19,529 - BerlinScraper - WARNING - Timeout waiting for element: .event-time-localized-start
2025-04-10 22:29:19,555 - BerlinScraper - INFO - Updated event: Late Night Lounge: Kinetic (w/ haute carl) on 2025-04-19 22:30:00
2025-04-10 22:29:19,555 - BerlinScraper - INFO - Navigating to https://www.berlinmpls.com/calendar/stolyette-sundays-nectar-fka-tekk-nikk
2025-04-10 22:29:22,699 - BerlinScraper - INFO - Updated event: StoLyette Sundays (feat. nectar AKA Tekk Nikk) on 2025-04-20 19:00:00
2025-04-10 22:29:22,699 - BerlinScraper - INFO - Navigating to https://www.berlinmpls.com/calendar/the-cherry-pit-bible-study-open-jam-minneapolis-april-23
2025-04-10 22:29:24,887 - BerlinScraper - INFO - Updated event: The Cherry Pit Presents: Bible Study at Berlin on 2025-04-23 19:00:00
2025-04-10 22:29:24,887 - BerlinScraper - INFO - Navigating to https://www.berlinmpls.com/calendar/early-evening-jazz-dale-alexander-feb-2025-l3hen
2025-04-10 22:29:27,073 - BerlinScraper - INFO - Updated event: Early Evening Jazz: Dale Alexander on 2025-04-24 16:30:00
2025-04-10 22:29:27,077 - BerlinScraper - INFO - Navigating to https://www.berlinmpls.com/calendar/jimmy-farace-quartet
2025-04-10 22:29:29,263 - BerlinScraper - INFO - Updated event: Jimmy Farace Quartet on 2025-04-24 19:30:00
2025-04-10 22:29:29,264 - BerlinScraper - INFO - Navigating to https://www.berlinmpls.com/calendar/early-evening-jazz-stephanie-charlie-ben
2025-04-10 22:29:32,338 - BerlinScraper - INFO - Updated event: Early Evening Jazz: stephanie • charlie • ben on 2025-04-25 16:30:00
2025-04-10 22:29:32,338 - BerlinScraper - INFO - Navigating to https://www.berlinmpls.com/calendar/kevin-sun-quartet
2025-04-10 22:29:34,654 - BerlinScraper - INFO - Updated event: Blue Fox Foundation Presents: Kevin Sun Quartet on 2025-04-25 19:30:00
2025-04-10 22:29:34,654 - BerlinScraper - INFO - Navigating to https://www.berlinmpls.com/calendar/late-night-lounge-andrew-broder-april-25
2025-04-10 22:29:46,845 - BerlinScraper - WARNING - Timeout waiting for element: .event-time-localized-start
2025-04-10 22:29:46,876 - BerlinScraper - INFO - Updated event: Late Night Lounge: Andrew Broder & Friends on 2025-04-25 22:30:00
2025-04-10 22:29:46,876 - BerlinScraper - INFO - Navigating to https://www.berlinmpls.com/calendar/early-evening-jazz-ethan-ostrow-dan-carpel-abinnet-berhanu
2025-04-10 22:29:49,241 - BerlinScraper - INFO - Updated event: Early Evening Jazz: Berhanu / Carpel / Ostrow on 2025-04-26 16:30:00
2025-04-10 22:29:49,241 - BerlinScraper - INFO - Navigating to https://www.berlinmpls.com/calendar/paul-hecht-pyrography
2025-04-10 22:29:51,434 - BerlinScraper - INFO - Updated event: Paul Hecht’s Pyrography on 2025-04-26 19:30:00
2025-04-10 22:29:51,434 - BerlinScraper - INFO - Navigating to https://www.berlinmpls.com/calendar/late-night-lounge-andrew-broder-april-26
2025-04-10 22:30:03,601 - BerlinScraper - WARNING - Timeout waiting for element: .event-time-localized-start
2025-04-10 22:30:03,637 - BerlinScraper - INFO - Updated event: Late Night Lounge: Andrew Broder & Friends on 2025-04-26 22:30:00
2025-04-10 22:30:03,637 - BerlinScraper - INFO - Navigating to https://www.berlinmpls.com/calendar/stolyette-sundays-maggie-morrison
2025-04-10 22:30:06,351 - BerlinScraper - INFO - Updated event: StoLyette Sundays (feat. Maggie Morrison) on 2025-04-27 19:00:00
2025-04-10 22:30:06,352 - BerlinScraper - INFO - Navigating to https://www.berlinmpls.com/calendar/the-cherry-pit-bible-study-open-jam-minneapolis-april-30
2025-04-10 22:30:08,546 - BerlinScraper - INFO - Updated event: The Cherry Pit Presents: Bible Study at Berlin on 2025-04-30 19:00:00
2025-04-10 22:30:08,546 - BerlinScraper - INFO - Navigating to https://www.berlinmpls.com/calendar/kneebody-cedar-cultural-center
2025-04-10 22:30:10,744 - BerlinScraper - INFO - Updated event: The Cedar Cultural Center & Berlin Present: Kneebody on 2025-05-01 18:30:00
2025-04-10 22:30:10,746 - BerlinScraper - INFO - Navigating to https://www.berlinmpls.com/calendar/58-belvedere-granros-keen-power-may-2025
2025-04-10 22:30:12,959 - BerlinScraper - INFO - Updated event: 58 Belvedere on 2025-05-02 19:30:00
2025-04-10 22:30:12,959 - BerlinScraper - INFO - Navigating to https://www.berlinmpls.com/calendar/late-night-lounge-kinetic-shannon-blowtorch
2025-04-10 22:30:25,173 - BerlinScraper - WARNING - Timeout waiting for element: .event-time-localized-start
2025-04-10 22:30:25,222 - BerlinScraper - INFO - Updated event: Late Night Lounge: Kinetic (w/ Shannon Blowtorch) on 2025-05-02 22:30:00
2025-04-10 22:30:25,222 - BerlinScraper - INFO - Navigating to https://www.berlinmpls.com/calendar/max-johnson-3
2025-04-10 22:30:27,420 - BerlinScraper - INFO - Updated event: Max Johnson 3 on 2025-05-03 19:30:00
2025-04-10 22:30:27,421 - BerlinScraper - INFO - Navigating to https://www.berlinmpls.com/calendar/xared-mt-may-2025
2025-04-10 22:30:39,587 - BerlinScraper - WARNING - Timeout waiting for element: .event-time-localized-start
2025-04-10 22:30:39,620 - BerlinScraper - INFO - Updated event: Late Night Lounge: XARED MT on 2025-05-03 22:30:00
2025-04-10 22:30:39,620 - BerlinScraper - INFO - Navigating to https://www.berlinmpls.com/calendar/nelson-devereaux-residency-week-1
2025-04-10 22:30:43,108 - BerlinScraper - INFO - Updated event: Imagined by Nelson Devereaux: Klassik + Subtle Frequencies on 2025-05-04 19:00:00
2025-04-10 22:30:43,109 - BerlinScraper - INFO - Navigating to https://www.berlinmpls.com/calendar/the-cherry-pit-bible-study-open-jam-minneapolis-may-7
2025-04-10 22:30:45,329 - BerlinScraper - INFO - Updated event: The Cherry Pit Presents: Bible Study at Berlin on 2025-05-07 19:00:00
2025-04-10 22:30:45,329 - BerlinScraper - INFO - Navigating to https://www.berlinmpls.com/calendar/early-evening-jazz-willie-august-project-may-2025
2025-04-10 22:30:47,710 - BerlinScraper - INFO - Updated event: Early Evening Jazz: The Willie August Project on 2025-05-08 16:30:00
2025-04-10 22:30:47,710 - BerlinScraper - INFO - Navigating to https://www.berlinmpls.com/calendar/early-evening-jazz-carpel-goodroad-hurtado-may-2025
2025-04-10 22:30:50,000 - BerlinScraper - INFO - Updated event: Early Evening Jazz: Carpel / Goodroad / Hurtado on 2025-05-09 16:30:00
2025-04-10 22:30:50,000 - BerlinScraper - INFO - Navigating to https://www.berlinmpls.com/calendar/ana-everling-quartet
2025-04-10 22:30:52,336 - BerlinScraper - INFO - Updated event: Ana Everling Quartet on 2025-05-09 19:30:00
2025-04-10 22:30:52,337 - BerlinScraper - INFO - Navigating to https://www.berlinmpls.com/calendar/late-night-lounge-danny-sigelman-march-2025-3elb3
2025-04-10 22:31:04,564 - BerlinScraper - WARNING - Timeout waiting for element: .event-time-localized-start
2025-04-10 22:31:04,598 - BerlinScraper - INFO - Updated event: Late Night Lounge: Danny Sigelman on 2025-05-09 22:30:00
2025-04-10 22:31:04,598 - BerlinScraper - INFO - Navigating to https://www.berlinmpls.com/calendar/michael-sarian-esquina
2025-04-10 22:31:06,813 - BerlinScraper - INFO - Updated event: Michael Sarian’s ESQUINA on 2025-05-10 19:30:00
2025-04-10 22:31:06,813 - BerlinScraper - INFO - Navigating to https://www.berlinmpls.com/calendar/nelson-devereaux-residency-week-2
2025-04-10 22:31:09,463 - BerlinScraper - INFO - Updated event: Imagined by Nelson Devereaux: J. Hoard + Nelson Devereaux / Asher Kurtz on 2025-05-11 19:00:00
2025-04-10 22:31:09,463 - BerlinScraper - INFO - Navigating to https://www.berlinmpls.com/calendar/the-cherry-pit-bible-study-open-jam-minneapolis-may-14
2025-04-10 22:31:11,656 - BerlinScraper - INFO - Updated event: The Cherry Pit Presents: Bible Study at Berlin on 2025-05-14 19:00:00
2025-04-10 22:31:11,656 - BerlinScraper - INFO - Navigating to https://www.berlinmpls.com/calendar/trius-may-2025
2025-04-10 22:31:13,847 - BerlinScraper - INFO - Updated event: Early Evening Jazz: Trius on 2025-05-15 16:30:00
2025-04-10 22:31:13,847 - BerlinScraper - INFO - Navigating to https://www.berlinmpls.com/calendar/cox-keston-singh
2025-04-10 22:31:16,074 - BerlinScraper - INFO - Updated event: Anthony Cox / John C.S. Keston / Suwal Singh on 2025-05-15 19:30:00
2025-04-10 22:31:16,074 - BerlinScraper - INFO - Navigating to https://www.berlinmpls.com/calendar/eric-jacobson-quartet
2025-04-10 22:31:18,675 - BerlinScraper - INFO - Updated event: Eric Jacobson Quartet on 2025-05-16 19:30:00
2025-04-10 22:31:18,675 - BerlinScraper - INFO - Navigating to https://www.berlinmpls.com/calendar/tommaso-moretti-inside-out-4tet-jake-wark-edinho-gerber-ben-dillinger
2025-04-10 22:31:20,875 - BerlinScraper - INFO - Updated event: Tommaso Moretti’s Inside Out 4tet on 2025-05-17 19:30:00
2025-04-10 22:31:20,875 - BerlinScraper - INFO - Navigating to https://www.berlinmpls.com/calendar/late-night-lounge-amy-pickett-allen-hz
2025-04-10 22:31:33,271 - BerlinScraper - WARNING - Timeout waiting for element: .event-time-localized-start
2025-04-10 22:31:33,307 - BerlinScraper - INFO - Updated event: Late Night Lounge: DJ Amy Pickett B2B Allen Hz on 2025-05-17 22:30:00
2025-04-10 22:31:33,307 - BerlinScraper - INFO - Navigating to https://www.berlinmpls.com/calendar/nelson-devereaux-residency-week-3
2025-04-10 22:31:35,886 - BerlinScraper - INFO - Updated event: Imagined by Nelson Devereaux: NTHNL + Hidden Bastille + Old Feels on 2025-05-18 19:00:00
2025-04-10 22:31:35,886 - BerlinScraper - INFO - Navigating to https://www.berlinmpls.com/calendar/early-evening-jazz-dale-alexander-feb-2025-slh34-hk9es
2025-04-10 22:31:38,092 - BerlinScraper - INFO - Updated event: Early Evening Jazz: Dale Alexander on 2025-05-22 16:30:00
2025-04-10 22:31:38,092 - BerlinScraper - INFO - Navigating to https://www.berlinmpls.com/calendar/society-of-chemists-may-2025
2025-04-10 22:31:40,287 - BerlinScraper - INFO - Updated event: Society of Chemists on 2025-05-22 19:30:00
2025-04-10 22:31:40,287 - BerlinScraper - INFO - Navigating to https://www.berlinmpls.com/calendar/late-night-lounge-jen-e
2025-04-10 22:31:52,545 - BerlinScraper - WARNING - Timeout waiting for element: .event-time-localized-start
2025-04-10 22:31:52,581 - BerlinScraper - INFO - Updated event: Late Night Lounge: JEN-E on 2025-05-23 22:30:00
2025-04-10 22:31:52,581 - BerlinScraper - INFO - Navigating to https://www.berlinmpls.com/calendar/nelson-devereaux-residency-week-4
2025-04-10 22:31:54,902 - BerlinScraper - INFO - Updated event: Imagined by Nelson Devereaux: Caley Conway + The Music of Nelson Devereaux + James Taylor on 2025-05-25 19:00:00
2025-04-10 22:31:54,902 - BerlinScraper - INFO - Navigating to https://www.berlinmpls.com/calendar/late-night-lounge-jam-e-z-may-2025
2025-04-10 22:32:07,117 - BerlinScraper - WARNING - Timeout waiting for element: .event-time-localized-start
2025-04-10 22:32:07,150 - BerlinScraper - INFO - Updated event: Late Night Lounge: Jam E.Z. on 2025-05-31 22:30:00
2025-04-10 22:32:07,151 - BerlinScraper - INFO - Database changes committed
2025-04-10 22:32:07,151 - BerlinScraper - INFO - Cleaning up resources
2025-04-10 22:32:07,306 - BerlinScraper - INFO - WebDriver closed
2025-04-10 22:32:07,306 - BerlinScraper - INFO - Database cursor closed
2025-04-10 22:32:07,306 - BerlinScraper - INFO - Database connection closed
2025-04-10 22:32:07,306 - BerlinScraper - INFO - Scraper finished: Berlin | Success: True | Added: 0 | Updated: 55 | Duplicates: 0 | Errors: 0 | Duration: 261.46s
2025-04-10 22:32:07,307 - BerlinScraper - INFO - Results saved to /Users/musicdaddy/Desktop/venues/backend/scrapers/logs/berlin_20250410_222745_results.json
