2025-04-10 22:01:57,989 - BerlinScraper - INFO - Setting up scraper for Berlin
2025-04-10 22:02:06,968 - BerlinScraper - INFO - Chrome initialized successfully
2025-04-10 22:02:06,970 - BerlinScraper - INFO - Connecting to database
2025-04-10 22:02:07,169 - BerlinScraper - INFO - Getting venue ID for Berlin
2025-04-10 22:02:07,188 - BerlinScraper - ERROR - Error setting up database: column "name" does not exist
LINE 1: SELECT id FROM venues WHERE name ILIKE 'Berlin'
                                    ^

2025-04-10 22:02:07,188 - BerlinScraper - ERROR - Error during setup: column "name" does not exist
LINE 1: SELECT id FROM venues WHERE name ILIKE 'Berlin'
                                    ^

2025-04-10 22:02:07,188 - BerlinScraper - INFO - Cleaning up resources
2025-04-10 22:02:07,273 - BerlinScraper - INFO - WebDriver closed
2025-04-10 22:02:07,273 - BerlinScraper - INFO - Database cursor closed
2025-04-10 22:02:07,273 - BerlinScraper - INFO - Database connection closed
2025-04-10 22:02:07,273 - BerlinScraper - ERROR - Error during scraping: Error during setup: column "name" does not exist
LINE 1: SELECT id FROM venues WHERE name ILIKE 'Berlin'
                                    ^

2025-04-10 22:02:07,273 - BerlinScraper - INFO - Cleaning up resources
2025-04-10 22:02:07,273 - BerlinScraper - INFO - Scraper finished: Berlin | Success: False | Added: 0 | Updated: 0 | Duplicates: 0 | Errors: 3 | Duration: 9.28s
2025-04-10 22:02:07,274 - BerlinScraper - INFO - Results saved to /Users/musicdaddy/Desktop/venues/backend/scrapers/logs/berlin_20250410_220157_results.json
